3/7/2024 10:10:02 PM : Starting Network Model Serivice...
3/7/2024 10:10:02 PM : Inserting entity with GID (0000000100000001).
3/7/2024 10:10:02 PM : Unknown property id = 1297036692682768645 for entity (GID = 0x0000000100000001).
3/7/2024 10:10:02 PM : Failed to insert entity (GID = 0x0000000100000001) into model. Unknown property id = 1297036692682768645 for entity (GID = 0x0000000100000001).
3/7/2024 10:10:02 PM : Error while applying delta (id = 1) during service initialization. Failed to insert entity (GID = 0x0000000100000001) into model. Unknown property id = 1297036692682768645 for entity (GID = 0x0000000100000001).
3/7/2024 10:10:02 PM : Inserting entity with GID (0000000100000002).
3/7/2024 10:10:02 PM : Inserting entity with GID (0000000200000001).
3/7/2024 10:10:02 PM : Inserting entity with GID (0000000300000001).
3/7/2024 10:10:02 PM : Inserting entity with GID (0000000400000001).
3/7/2024 10:10:02 PM : Can not add reference 1369094286720893449 to entity (GID = 0x0000000200000001).
3/7/2024 10:10:02 PM : Failed to insert entity (GID = 0x0000000400000001) into model. Can not add reference 1369094286720893449 to entity (GID = 0x0000000200000001).
3/7/2024 10:10:02 PM : Error while applying delta (id = 2) during service initialization. Failed to insert entity (GID = 0x0000000400000001) into model. Can not add reference 1369094286720893449 to entity (GID = 0x0000000200000001).
3/7/2024 10:10:02 PM : Inserting entity with GID (0000000100000003).
3/7/2024 10:10:02 PM : Inserting entity with GID (0000000200000002).
3/7/2024 10:10:02 PM : Inserting entity with GID (0000000300000001).
3/7/2024 10:10:02 PM : Failed to insert entity because entity with specified GID (0000000300000001) already exists in network model.
3/7/2024 10:10:02 PM : Error while applying delta (id = 3) during service initialization. Failed to insert entity because entity with specified GID (0000000300000001) already exists in network model.
3/7/2024 10:10:02 PM : Inserting entity with GID (0000000100000004).
3/7/2024 10:10:02 PM : Inserting entity with GID (0000000200000003).
3/7/2024 10:10:02 PM : Inserting entity with GID (0000000300000002).
3/7/2024 10:10:02 PM : Inserting entity with GID (0000000400000002).
3/7/2024 10:10:02 PM : Can not add reference 1369094286720893449 to entity (GID = 0x0000000200000003).
3/7/2024 10:10:02 PM : Failed to insert entity (GID = 0x0000000400000002) into model. Can not add reference 1369094286720893449 to entity (GID = 0x0000000200000003).
3/7/2024 10:10:02 PM : Error while applying delta (id = 4) during service initialization. Failed to insert entity (GID = 0x0000000400000002) into model. Can not add reference 1369094286720893449 to entity (GID = 0x0000000200000003).
3/7/2024 10:10:02 PM : Inserting entity with GID (0000000100000005).
3/7/2024 10:10:02 PM : Inserting entity with GID (0000000200000004).
3/7/2024 10:10:02 PM : Inserting entity with GID (0000000300000003).
3/7/2024 10:10:02 PM : Inserting entity with GID (0000000400000003).
3/7/2024 10:10:02 PM : Unknown property id = 1369094286720893953 for entity (GID = 0x0000000400000003).
3/7/2024 10:10:02 PM : Failed to insert entity (GID = 0x0000000400000003) into model. Unknown property id = 1369094286720893953 for entity (GID = 0x0000000400000003).
3/7/2024 10:10:02 PM : Error while applying delta (id = 5) during service initialization. Failed to insert entity (GID = 0x0000000400000003) into model. Unknown property id = 1369094286720893953 for entity (GID = 0x0000000400000003).
3/7/2024 10:10:02 PM : Inserting entity with GID (0000000100000006).
3/7/2024 10:10:02 PM : Inserting entity with GID (0000000200000005).
3/7/2024 10:10:02 PM : Inserting entity with GID (0000000300000004).
3/7/2024 10:10:02 PM : Inserting entity with GID (0000000400000004).
3/7/2024 10:10:02 PM : Unknown property id = 1369094286720893953 for entity (GID = 0x0000000400000004).
3/7/2024 10:10:02 PM : Failed to insert entity (GID = 0x0000000400000004) into model. Unknown property id = 1369094286720893953 for entity (GID = 0x0000000400000004).
3/7/2024 10:10:02 PM : Error while applying delta (id = 6) during service initialization. Failed to insert entity (GID = 0x0000000400000004) into model. Unknown property id = 1369094286720893953 for entity (GID = 0x0000000400000004).
3/7/2024 10:10:02 PM : Inserting entity with GID (0000000100000007).
3/7/2024 10:10:02 PM : Inserting entity with GID (0000000200000006).
3/7/2024 10:10:02 PM : Inserting entity with GID (0000000300000005).
3/7/2024 10:10:02 PM : Inserting entity with GID (0000000400000005).
3/7/2024 10:10:02 PM : Unknown property id = 1369094286720893953 for entity (GID = 0x0000000400000005).
3/7/2024 10:10:02 PM : Failed to insert entity (GID = 0x0000000400000005) into model. Unknown property id = 1369094286720893953 for entity (GID = 0x0000000400000005).
3/7/2024 10:10:02 PM : Error while applying delta (id = 7) during service initialization. Failed to insert entity (GID = 0x0000000400000005) into model. Unknown property id = 1369094286720893953 for entity (GID = 0x0000000400000005).
3/7/2024 10:10:02 PM : Inserting entity with GID (0000000100000008).
3/7/2024 10:10:02 PM : Inserting entity with GID (0000000200000007).
3/7/2024 10:10:02 PM : Inserting entity with GID (0000000300000006).
3/7/2024 10:10:02 PM : Inserting entity with GID (0000000400000006).
3/7/2024 10:10:02 PM : Unknown property id = 1369094286720893953 for entity (GID = 0x0000000400000006).
3/7/2024 10:10:02 PM : Failed to insert entity (GID = 0x0000000400000006) into model. Unknown property id = 1369094286720893953 for entity (GID = 0x0000000400000006).
3/7/2024 10:10:02 PM : Error while applying delta (id = 8) during service initialization. Failed to insert entity (GID = 0x0000000400000006) into model. Unknown property id = 1369094286720893953 for entity (GID = 0x0000000400000006).
3/7/2024 10:10:02 PM : Inserting entity with GID (0000000100000009).
3/7/2024 10:10:02 PM : Inserting entity with GID (0000000200000008).
3/7/2024 10:10:02 PM : Inserting entity with GID (0000000300000007).
3/7/2024 10:10:02 PM : Inserting entity with GID (0000000400000007).
3/7/2024 10:10:02 PM : Unknown property id = 1369094286720893953 for entity (GID = 0x0000000400000007).
3/7/2024 10:10:02 PM : Failed to insert entity (GID = 0x0000000400000007) into model. Unknown property id = 1369094286720893953 for entity (GID = 0x0000000400000007).
3/7/2024 10:10:02 PM : Error while applying delta (id = 9) during service initialization. Failed to insert entity (GID = 0x0000000400000007) into model. Unknown property id = 1369094286720893953 for entity (GID = 0x0000000400000007).
3/7/2024 10:10:02 PM : Inserting entity with GID (000000010000000a).
3/7/2024 10:10:02 PM : Inserting entity with GID (0000000200000009).
3/7/2024 10:10:02 PM : Inserting entity with GID (0000000300000008).
3/7/2024 10:10:02 PM : Inserting entity with GID (0000000400000008).
3/7/2024 10:10:02 PM : Unknown property id = 1369094286720893953 for entity (GID = 0x0000000400000008).
3/7/2024 10:10:02 PM : Failed to insert entity (GID = 0x0000000400000008) into model. Unknown property id = 1369094286720893953 for entity (GID = 0x0000000400000008).
3/7/2024 10:10:02 PM : Error while applying delta (id = 10) during service initialization. Failed to insert entity (GID = 0x0000000400000008) into model. Unknown property id = 1369094286720893953 for entity (GID = 0x0000000400000008).
3/7/2024 10:10:02 PM : Inserting entity with GID (000000010000000b).
3/7/2024 10:10:02 PM : Inserting entity with GID (000000020000000a).
3/7/2024 10:10:02 PM : Inserting entity with GID (0000000300000009).
3/7/2024 10:10:02 PM : Inserting entity with GID (0000000400000009).
3/7/2024 10:10:02 PM : Unknown property id = 1369094286720893953 for entity (GID = 0x0000000400000009).
3/7/2024 10:10:02 PM : Failed to insert entity (GID = 0x0000000400000009) into model. Unknown property id = 1369094286720893953 for entity (GID = 0x0000000400000009).
3/7/2024 10:10:02 PM : Error while applying delta (id = 11) during service initialization. Failed to insert entity (GID = 0x0000000400000009) into model. Unknown property id = 1369094286720893953 for entity (GID = 0x0000000400000009).
3/7/2024 10:10:02 PM : Inserting entity with GID (000000010000000c).
3/7/2024 10:10:02 PM : Inserting entity with GID (000000020000000b).
3/7/2024 10:10:02 PM : Inserting entity with GID (000000030000000a).
3/7/2024 10:10:02 PM : Inserting entity with GID (000000040000000a).
3/7/2024 10:10:02 PM : Unknown property id = 1369094286720893953 for entity (GID = 0x000000040000000a).
3/7/2024 10:10:02 PM : Failed to insert entity (GID = 0x000000040000000a) into model. Unknown property id = 1369094286720893953 for entity (GID = 0x000000040000000a).
3/7/2024 10:10:02 PM : Error while applying delta (id = 12) during service initialization. Failed to insert entity (GID = 0x000000040000000a) into model. Unknown property id = 1369094286720893953 for entity (GID = 0x000000040000000a).
3/7/2024 10:10:02 PM : Inserting entity with GID (000000010000000d).
3/7/2024 10:10:02 PM : Inserting entity with GID (000000020000000c).
3/7/2024 10:10:02 PM : Inserting entity with GID (000000030000000b).
3/7/2024 10:10:02 PM : Inserting entity with GID (000000040000000b).
3/7/2024 10:10:02 PM : Unknown property id = 1369094286720893953 for entity (GID = 0x000000040000000b).
3/7/2024 10:10:02 PM : Failed to insert entity (GID = 0x000000040000000b) into model. Unknown property id = 1369094286720893953 for entity (GID = 0x000000040000000b).
3/7/2024 10:10:02 PM : Error while applying delta (id = 13) during service initialization. Failed to insert entity (GID = 0x000000040000000b) into model. Unknown property id = 1369094286720893953 for entity (GID = 0x000000040000000b).
3/7/2024 10:10:02 PM : Inserting entity with GID (000000010000000e).
3/7/2024 10:10:02 PM : Inserting entity with GID (000000020000000d).
3/7/2024 10:10:02 PM : Inserting entity with GID (000000030000000c).
3/7/2024 10:10:02 PM : Inserting entity with GID (000000040000000c).
3/7/2024 10:10:02 PM : Unknown property id = 1369094286720893953 for entity (GID = 0x000000040000000c).
3/7/2024 10:10:02 PM : Failed to insert entity (GID = 0x000000040000000c) into model. Unknown property id = 1369094286720893953 for entity (GID = 0x000000040000000c).
3/7/2024 10:10:02 PM : Error while applying delta (id = 14) during service initialization. Failed to insert entity (GID = 0x000000040000000c) into model. Unknown property id = 1369094286720893953 for entity (GID = 0x000000040000000c).
3/7/2024 10:10:02 PM : Inserting entity with GID (000000010000000f).
3/7/2024 10:10:02 PM : Inserting entity with GID (000000020000000e).
3/7/2024 10:10:02 PM : Inserting entity with GID (000000030000000d).
3/7/2024 10:10:02 PM : Inserting entity with GID (000000040000000d).
3/7/2024 10:10:02 PM : Unknown property id = 1369094286720893953 for entity (GID = 0x000000040000000d).
3/7/2024 10:10:02 PM : Failed to insert entity (GID = 0x000000040000000d) into model. Unknown property id = 1369094286720893953 for entity (GID = 0x000000040000000d).
3/7/2024 10:10:02 PM : Error while applying delta (id = 15) during service initialization. Failed to insert entity (GID = 0x000000040000000d) into model. Unknown property id = 1369094286720893953 for entity (GID = 0x000000040000000d).
3/7/2024 10:10:02 PM : Inserting entity with GID (0000000100000010).
3/7/2024 10:10:02 PM : Inserting entity with GID (000000020000000f).
3/7/2024 10:10:02 PM : Inserting entity with GID (000000030000000e).
3/7/2024 10:10:02 PM : Inserting entity with GID (000000040000000e).
3/7/2024 10:10:02 PM : Unknown property id = 1369094286720893953 for entity (GID = 0x000000040000000e).
3/7/2024 10:10:02 PM : Failed to insert entity (GID = 0x000000040000000e) into model. Unknown property id = 1369094286720893953 for entity (GID = 0x000000040000000e).
3/7/2024 10:10:02 PM : Error while applying delta (id = 16) during service initialization. Failed to insert entity (GID = 0x000000040000000e) into model. Unknown property id = 1369094286720893953 for entity (GID = 0x000000040000000e).
3/7/2024 10:10:02 PM : Inserting entity with GID (0000000100000011).
3/7/2024 10:10:02 PM : Inserting entity with GID (0000000200000010).
3/7/2024 10:10:02 PM : Inserting entity with GID (000000030000000f).
3/7/2024 10:10:02 PM : Inserting entity with GID (000000040000000f).
3/7/2024 10:10:02 PM : Unknown property id = 1369094286720893953 for entity (GID = 0x000000040000000f).
3/7/2024 10:10:02 PM : Failed to insert entity (GID = 0x000000040000000f) into model. Unknown property id = 1369094286720893953 for entity (GID = 0x000000040000000f).
3/7/2024 10:10:02 PM : Error while applying delta (id = 17) during service initialization. Failed to insert entity (GID = 0x000000040000000f) into model. Unknown property id = 1369094286720893953 for entity (GID = 0x000000040000000f).
3/7/2024 10:10:02 PM : Inserting entity with GID (0000000100000012).
3/7/2024 10:10:02 PM : Inserting entity with GID (0000000200000011).
3/7/2024 10:10:02 PM : Inserting entity with GID (0000000300000010).
3/7/2024 10:10:02 PM : Inserting entity with GID (0000000400000010).
3/7/2024 10:10:02 PM : Unknown property id = 1369094286720893953 for entity (GID = 0x0000000400000010).
3/7/2024 10:10:02 PM : Failed to insert entity (GID = 0x0000000400000010) into model. Unknown property id = 1369094286720893953 for entity (GID = 0x0000000400000010).
3/7/2024 10:10:02 PM : Error while applying delta (id = 18) during service initialization. Failed to insert entity (GID = 0x0000000400000010) into model. Unknown property id = 1369094286720893953 for entity (GID = 0x0000000400000010).
3/7/2024 10:10:02 PM : Inserting entity with GID (0000000100000013).
3/7/2024 10:10:02 PM : Inserting entity with GID (0000000200000012).
3/7/2024 10:10:02 PM : Inserting entity with GID (0000000300000011).
3/7/2024 10:10:02 PM : Inserting entity with GID (0000000400000011).
3/7/2024 10:10:02 PM : Unknown property id = 1369094286720893953 for entity (GID = 0x0000000400000011).
3/7/2024 10:10:02 PM : Failed to insert entity (GID = 0x0000000400000011) into model. Unknown property id = 1369094286720893953 for entity (GID = 0x0000000400000011).
3/7/2024 10:10:02 PM : Error while applying delta (id = 19) during service initialization. Failed to insert entity (GID = 0x0000000400000011) into model. Unknown property id = 1369094286720893953 for entity (GID = 0x0000000400000011).
3/7/2024 10:10:02 PM : Inserting entity with GID (0000000100000014).
3/7/2024 10:10:02 PM : Inserting entity with GID (0000000200000013).
3/7/2024 10:10:02 PM : Inserting entity with GID (0000000300000012).
3/7/2024 10:10:02 PM : Inserting entity with GID (0000000400000012).
3/7/2024 10:10:02 PM : Unknown property id = 1369094286720893953 for entity (GID = 0x0000000400000012).
3/7/2024 10:10:02 PM : Failed to insert entity (GID = 0x0000000400000012) into model. Unknown property id = 1369094286720893953 for entity (GID = 0x0000000400000012).
3/7/2024 10:10:02 PM : Error while applying delta (id = 20) during service initialization. Failed to insert entity (GID = 0x0000000400000012) into model. Unknown property id = 1369094286720893953 for entity (GID = 0x0000000400000012).
3/7/2024 10:10:02 PM : Inserting entity with GID (0000000100000015).
3/7/2024 10:10:02 PM : Inserting entity with GID (0000000200000014).
3/7/2024 10:10:02 PM : Inserting entity with GID (0000000300000013).
3/7/2024 10:10:02 PM : Inserting entity with GID (0000000400000013).
3/7/2024 10:10:02 PM : Unknown property id = 1369094286720893953 for entity (GID = 0x0000000400000013).
3/7/2024 10:10:02 PM : Failed to insert entity (GID = 0x0000000400000013) into model. Unknown property id = 1369094286720893953 for entity (GID = 0x0000000400000013).
3/7/2024 10:10:02 PM : Error while applying delta (id = 21) during service initialization. Failed to insert entity (GID = 0x0000000400000013) into model. Unknown property id = 1369094286720893953 for entity (GID = 0x0000000400000013).
3/7/2024 10:10:02 PM : Inserting entity with GID (0000000100000016).
3/7/2024 10:10:02 PM : Inserting entity with GID (0000000200000015).
3/7/2024 10:10:02 PM : Inserting entity with GID (0000000300000014).
3/7/2024 10:10:02 PM : Inserting entity with GID (0000000400000014).
3/7/2024 10:10:02 PM : Unknown property id = 1369094286720893953 for entity (GID = 0x0000000400000014).
3/7/2024 10:10:02 PM : Failed to insert entity (GID = 0x0000000400000014) into model. Unknown property id = 1369094286720893953 for entity (GID = 0x0000000400000014).
3/7/2024 10:10:02 PM : Error while applying delta (id = 22) during service initialization. Failed to insert entity (GID = 0x0000000400000014) into model. Unknown property id = 1369094286720893953 for entity (GID = 0x0000000400000014).
3/7/2024 10:10:02 PM : Inserting entity with GID (0000000100000017).
3/7/2024 10:10:02 PM : Inserting entity with GID (0000000200000016).
3/7/2024 10:10:02 PM : Inserting entity with GID (0000000300000015).
3/7/2024 10:10:02 PM : Inserting entity with GID (0000000400000015).
3/7/2024 10:10:02 PM : Unknown property id = 1369094286720893953 for entity (GID = 0x0000000400000015).
3/7/2024 10:10:02 PM : Failed to insert entity (GID = 0x0000000400000015) into model. Unknown property id = 1369094286720893953 for entity (GID = 0x0000000400000015).
3/7/2024 10:10:02 PM : Error while applying delta (id = 23) during service initialization. Failed to insert entity (GID = 0x0000000400000015) into model. Unknown property id = 1369094286720893953 for entity (GID = 0x0000000400000015).
3/7/2024 10:10:02 PM : Inserting entity with GID (0000000100000018).
3/7/2024 10:10:02 PM : Inserting entity with GID (0000000200000017).
3/7/2024 10:10:02 PM : Inserting entity with GID (0000000300000016).
3/7/2024 10:10:02 PM : Inserting entity with GID (0000000400000016).
3/7/2024 10:10:02 PM : Unknown property id = 1369094286720893953 for entity (GID = 0x0000000400000016).
3/7/2024 10:10:02 PM : Failed to insert entity (GID = 0x0000000400000016) into model. Unknown property id = 1369094286720893953 for entity (GID = 0x0000000400000016).
3/7/2024 10:10:02 PM : Error while applying delta (id = 24) during service initialization. Failed to insert entity (GID = 0x0000000400000016) into model. Unknown property id = 1369094286720893953 for entity (GID = 0x0000000400000016).
3/7/2024 10:10:02 PM : Inserting entity with GID (0000000100000019).
3/7/2024 10:10:02 PM : Inserting entity with GID (0000000200000018).
3/7/2024 10:10:02 PM : Inserting entity with GID (0000000300000017).
3/7/2024 10:10:02 PM : Inserting entity with GID (0000000400000017).
3/7/2024 10:10:02 PM : Unknown property id = 1369094286720893953 for entity (GID = 0x0000000400000017).
3/7/2024 10:10:02 PM : Failed to insert entity (GID = 0x0000000400000017) into model. Unknown property id = 1369094286720893953 for entity (GID = 0x0000000400000017).
3/7/2024 10:10:02 PM : Error while applying delta (id = 25) during service initialization. Failed to insert entity (GID = 0x0000000400000017) into model. Unknown property id = 1369094286720893953 for entity (GID = 0x0000000400000017).
3/7/2024 10:10:02 PM : Inserting entity with GID (000000010000001a).
3/7/2024 10:10:02 PM : Inserting entity with GID (0000000200000019).
3/7/2024 10:10:02 PM : Inserting entity with GID (0000000300000018).
3/7/2024 10:10:02 PM : Inserting entity with GID (0000000400000018).
3/7/2024 10:10:02 PM : Unknown property id = 1369094286720893953 for entity (GID = 0x0000000400000018).
3/7/2024 10:10:02 PM : Failed to insert entity (GID = 0x0000000400000018) into model. Unknown property id = 1369094286720893953 for entity (GID = 0x0000000400000018).
3/7/2024 10:10:02 PM : Error while applying delta (id = 26) during service initialization. Failed to insert entity (GID = 0x0000000400000018) into model. Unknown property id = 1369094286720893953 for entity (GID = 0x0000000400000018).
3/7/2024 10:10:02 PM : Inserting entity with GID (000000010000001b).
3/7/2024 10:10:02 PM : Inserting entity with GID (000000020000001a).
3/7/2024 10:10:02 PM : Inserting entity with GID (0000000300000019).
3/7/2024 10:10:02 PM : Inserting entity with GID (0000000400000019).
3/7/2024 10:10:02 PM : Unknown property id = 1369094286720893953 for entity (GID = 0x0000000400000019).
3/7/2024 10:10:02 PM : Failed to insert entity (GID = 0x0000000400000019) into model. Unknown property id = 1369094286720893953 for entity (GID = 0x0000000400000019).
3/7/2024 10:10:02 PM : Error while applying delta (id = 27) during service initialization. Failed to insert entity (GID = 0x0000000400000019) into model. Unknown property id = 1369094286720893953 for entity (GID = 0x0000000400000019).
3/7/2024 10:10:02 PM : Inserting entity with GID (000000010000001c).
3/7/2024 10:10:02 PM : Inserting entity with GID (000000020000001b).
3/7/2024 10:10:02 PM : Inserting entity with GID (000000030000001a).
3/7/2024 10:10:02 PM : Inserting entity with GID (000000040000001a).
3/7/2024 10:10:02 PM : Unknown property id = 1369094286720893953 for entity (GID = 0x000000040000001a).
3/7/2024 10:10:02 PM : Failed to insert entity (GID = 0x000000040000001a) into model. Unknown property id = 1369094286720893953 for entity (GID = 0x000000040000001a).
3/7/2024 10:10:02 PM : Error while applying delta (id = 28) during service initialization. Failed to insert entity (GID = 0x000000040000001a) into model. Unknown property id = 1369094286720893953 for entity (GID = 0x000000040000001a).
3/7/2024 10:10:02 PM : Inserting entity with GID (000000010000001d).
3/7/2024 10:10:02 PM : Inserting entity with GID (000000020000001c).
3/7/2024 10:10:02 PM : Inserting entity with GID (000000030000001b).
3/7/2024 10:10:02 PM : Inserting entity with GID (000000040000001b).
3/7/2024 10:10:02 PM : Unknown property id = 1369094286720893953 for entity (GID = 0x000000040000001b).
3/7/2024 10:10:02 PM : Failed to insert entity (GID = 0x000000040000001b) into model. Unknown property id = 1369094286720893953 for entity (GID = 0x000000040000001b).
3/7/2024 10:10:02 PM : Error while applying delta (id = 29) during service initialization. Failed to insert entity (GID = 0x000000040000001b) into model. Unknown property id = 1369094286720893953 for entity (GID = 0x000000040000001b).
3/7/2024 10:10:02 PM : Inserting entity with GID (000000010000001e).
3/7/2024 10:10:02 PM : Inserting entity with GID (000000020000001d).
3/7/2024 10:10:02 PM : Inserting entity with GID (000000030000001c).
3/7/2024 10:10:02 PM : Inserting entity with GID (000000040000001c).
3/7/2024 10:10:02 PM : Unknown property id = 1369094286720893953 for entity (GID = 0x000000040000001c).
3/7/2024 10:10:02 PM : Failed to insert entity (GID = 0x000000040000001c) into model. Unknown property id = 1369094286720893953 for entity (GID = 0x000000040000001c).
3/7/2024 10:10:02 PM : Error while applying delta (id = 30) during service initialization. Failed to insert entity (GID = 0x000000040000001c) into model. Unknown property id = 1369094286720893953 for entity (GID = 0x000000040000001c).
3/7/2024 10:10:02 PM : Inserting entity with GID (000000010000001f).
3/7/2024 10:10:02 PM : Inserting entity with GID (000000020000001e).
3/7/2024 10:10:02 PM : Inserting entity with GID (000000030000001d).
3/7/2024 10:10:02 PM : Inserting entity with GID (000000040000001d).
3/7/2024 10:10:02 PM : Inserting entity with GID (0000000500000001).
3/7/2024 10:10:02 PM : Unknown property id = TERMINAL_PHASES for entity (GID = 0x0000000500000001).
3/7/2024 10:10:02 PM : Failed to insert entity (GID = 0x0000000500000001) into model. Unknown property id = TERMINAL_PHASES for entity (GID = 0x0000000500000001).
3/7/2024 10:10:02 PM : Error while applying delta (id = 31) during service initialization. Failed to insert entity (GID = 0x0000000500000001) into model. Unknown property id = TERMINAL_PHASES for entity (GID = 0x0000000500000001).
3/7/2024 10:10:02 PM : Inserting entity with GID (0000000100000020).
3/7/2024 10:10:02 PM : Inserting entity with GID (000000020000001f).
3/7/2024 10:10:02 PM : Inserting entity with GID (000000030000001e).
3/7/2024 10:10:02 PM : Inserting entity with GID (000000040000001e).
3/7/2024 10:10:02 PM : Inserting entity with GID (0000000500000002).
3/7/2024 10:10:02 PM : Unknown property id = TERMINAL_PHASES for entity (GID = 0x0000000500000002).
3/7/2024 10:10:02 PM : Failed to insert entity (GID = 0x0000000500000002) into model. Unknown property id = TERMINAL_PHASES for entity (GID = 0x0000000500000002).
3/7/2024 10:10:02 PM : Error while applying delta (id = 32) during service initialization. Failed to insert entity (GID = 0x0000000500000002) into model. Unknown property id = TERMINAL_PHASES for entity (GID = 0x0000000500000002).
3/7/2024 10:10:02 PM : Inserting entity with GID (0000000100000021).
3/7/2024 10:10:02 PM : Inserting entity with GID (0000000200000020).
3/7/2024 10:10:02 PM : Inserting entity with GID (000000030000001f).
3/7/2024 10:10:02 PM : Inserting entity with GID (000000040000001f).
3/7/2024 10:10:02 PM : Inserting entity with GID (0000000500000003).
3/7/2024 10:10:02 PM : Unknown property id = TERMINAL_PHASES for entity (GID = 0x0000000500000003).
3/7/2024 10:10:02 PM : Failed to insert entity (GID = 0x0000000500000003) into model. Unknown property id = TERMINAL_PHASES for entity (GID = 0x0000000500000003).
3/7/2024 10:10:02 PM : Error while applying delta (id = 33) during service initialization. Failed to insert entity (GID = 0x0000000500000003) into model. Unknown property id = TERMINAL_PHASES for entity (GID = 0x0000000500000003).
3/7/2024 10:10:02 PM : Inserting entity with GID (0000000100000022).
3/7/2024 10:10:02 PM : Inserting entity with GID (0000000200000021).
3/7/2024 10:10:02 PM : Inserting entity with GID (0000000300000020).
3/7/2024 10:10:02 PM : Inserting entity with GID (0000000400000020).
3/7/2024 10:10:02 PM : Inserting entity with GID (0000000500000004).
3/7/2024 10:10:02 PM : Unknown property id = TERMINAL_PHASES for entity (GID = 0x0000000500000004).
3/7/2024 10:10:02 PM : Failed to insert entity (GID = 0x0000000500000004) into model. Unknown property id = TERMINAL_PHASES for entity (GID = 0x0000000500000004).
3/7/2024 10:10:02 PM : Error while applying delta (id = 34) during service initialization. Failed to insert entity (GID = 0x0000000500000004) into model. Unknown property id = TERMINAL_PHASES for entity (GID = 0x0000000500000004).
3/7/2024 10:10:02 PM : Inserting entity with GID (0000000100000023).
3/7/2024 10:10:02 PM : Inserting entity with GID (0000000200000022).
3/7/2024 10:10:02 PM : Inserting entity with GID (0000000300000021).
3/7/2024 10:10:02 PM : Inserting entity with GID (0000000400000021).
3/7/2024 10:10:02 PM : Inserting entity with GID (0000000500000005).
3/7/2024 10:10:02 PM : Unknown property id = TERMINAL_PHASES for entity (GID = 0x0000000500000005).
3/7/2024 10:10:02 PM : Failed to insert entity (GID = 0x0000000500000005) into model. Unknown property id = TERMINAL_PHASES for entity (GID = 0x0000000500000005).
3/7/2024 10:10:02 PM : Error while applying delta (id = 35) during service initialization. Failed to insert entity (GID = 0x0000000500000005) into model. Unknown property id = TERMINAL_PHASES for entity (GID = 0x0000000500000005).
3/7/2024 10:10:02 PM : Inserting entity with GID (0000000100000024).
3/7/2024 10:10:02 PM : Inserting entity with GID (0000000200000023).
3/7/2024 10:10:02 PM : Inserting entity with GID (0000000300000022).
3/7/2024 10:10:02 PM : Inserting entity with GID (0000000400000022).
3/7/2024 10:10:02 PM : Inserting entity with GID (0000000500000006).
3/7/2024 10:10:02 PM : Unknown property id = TERMINAL_PHASES for entity (GID = 0x0000000500000006).
3/7/2024 10:10:02 PM : Failed to insert entity (GID = 0x0000000500000006) into model. Unknown property id = TERMINAL_PHASES for entity (GID = 0x0000000500000006).
3/7/2024 10:10:02 PM : Error while applying delta (id = 36) during service initialization. Failed to insert entity (GID = 0x0000000500000006) into model. Unknown property id = TERMINAL_PHASES for entity (GID = 0x0000000500000006).
3/7/2024 10:10:02 PM : Inserting entity with GID (0000000100000025).
3/7/2024 10:10:02 PM : Inserting entity with GID (0000000200000024).
3/7/2024 10:10:02 PM : Inserting entity with GID (0000000300000023).
3/7/2024 10:10:02 PM : Inserting entity with GID (0000000400000023).
3/7/2024 10:10:02 PM : Inserting entity with GID (0000000500000007).
3/7/2024 10:10:02 PM : Unknown property id = TERMINAL_PHASES for entity (GID = 0x0000000500000007).
3/7/2024 10:10:02 PM : Failed to insert entity (GID = 0x0000000500000007) into model. Unknown property id = TERMINAL_PHASES for entity (GID = 0x0000000500000007).
3/7/2024 10:10:02 PM : Error while applying delta (id = 37) during service initialization. Failed to insert entity (GID = 0x0000000500000007) into model. Unknown property id = TERMINAL_PHASES for entity (GID = 0x0000000500000007).
3/7/2024 10:10:02 PM : Inserting entity with GID (0000000100000026).
3/7/2024 10:10:02 PM : Inserting entity with GID (0000000200000025).
3/7/2024 10:10:02 PM : Inserting entity with GID (0000000300000024).
3/7/2024 10:10:02 PM : Inserting entity with GID (0000000400000024).
3/7/2024 10:10:02 PM : Inserting entity with GID (0000000500000008).
3/7/2024 10:10:02 PM : Unknown property id = TERMINAL_PHASES for entity (GID = 0x0000000500000008).
3/7/2024 10:10:02 PM : Failed to insert entity (GID = 0x0000000500000008) into model. Unknown property id = TERMINAL_PHASES for entity (GID = 0x0000000500000008).
3/7/2024 10:10:02 PM : Error while applying delta (id = 38) during service initialization. Failed to insert entity (GID = 0x0000000500000008) into model. Unknown property id = TERMINAL_PHASES for entity (GID = 0x0000000500000008).
3/7/2024 10:10:02 PM : Inserting entity with GID (0000000100000027).
3/7/2024 10:10:02 PM : Inserting entity with GID (0000000200000026).
3/7/2024 10:10:02 PM : Inserting entity with GID (0000000300000025).
3/7/2024 10:10:02 PM : Inserting entity with GID (0000000400000025).
3/7/2024 10:10:02 PM : Inserting entity with GID (0000000500000009).
3/7/2024 10:10:02 PM : Unknown property id = TERMINAL_PHASES for entity (GID = 0x0000000500000009).
3/7/2024 10:10:02 PM : Failed to insert entity (GID = 0x0000000500000009) into model. Unknown property id = TERMINAL_PHASES for entity (GID = 0x0000000500000009).
3/7/2024 10:10:02 PM : Error while applying delta (id = 39) during service initialization. Failed to insert entity (GID = 0x0000000500000009) into model. Unknown property id = TERMINAL_PHASES for entity (GID = 0x0000000500000009).
3/7/2024 10:10:02 PM : Inserting entity with GID (0000000100000028).
3/7/2024 10:10:02 PM : Inserting entity with GID (0000000200000027).
3/7/2024 10:10:02 PM : Inserting entity with GID (0000000300000026).
3/7/2024 10:10:02 PM : Inserting entity with GID (0000000400000026).
3/7/2024 10:10:02 PM : Inserting entity with GID (000000050000000a).
3/7/2024 10:10:02 PM : Unknown property id = TERMINAL_PHASES for entity (GID = 0x000000050000000a).
3/7/2024 10:10:02 PM : Failed to insert entity (GID = 0x000000050000000a) into model. Unknown property id = TERMINAL_PHASES for entity (GID = 0x000000050000000a).
3/7/2024 10:10:02 PM : Error while applying delta (id = 40) during service initialization. Failed to insert entity (GID = 0x000000050000000a) into model. Unknown property id = TERMINAL_PHASES for entity (GID = 0x000000050000000a).
3/7/2024 10:10:02 PM : Inserting entity with GID (0000000100000029).
3/7/2024 10:10:02 PM : Inserting entity with GID (0000000200000028).
3/7/2024 10:10:02 PM : Inserting entity with GID (0000000300000027).
3/7/2024 10:10:02 PM : Inserting entity with GID (0000000400000027).
3/7/2024 10:10:02 PM : Inserting entity with GID (000000050000000b).
3/7/2024 10:10:02 PM : Unknown property id = TERMINAL_PHASES for entity (GID = 0x000000050000000b).
3/7/2024 10:10:02 PM : Failed to insert entity (GID = 0x000000050000000b) into model. Unknown property id = TERMINAL_PHASES for entity (GID = 0x000000050000000b).
3/7/2024 10:10:02 PM : Error while applying delta (id = 41) during service initialization. Failed to insert entity (GID = 0x000000050000000b) into model. Unknown property id = TERMINAL_PHASES for entity (GID = 0x000000050000000b).
3/7/2024 10:10:02 PM : Inserting entity with GID (000000010000002a).
3/7/2024 10:10:02 PM : Inserting entity with GID (0000000200000029).
3/7/2024 10:10:02 PM : Inserting entity with GID (0000000300000028).
3/7/2024 10:10:02 PM : Inserting entity with GID (0000000400000028).
3/7/2024 10:10:02 PM : Unknown property id = 1369094286720893443 for entity (GID = 0x0000000400000028).
3/7/2024 10:10:02 PM : Failed to insert entity (GID = 0x0000000400000028) into model. Unknown property id = 1369094286720893443 for entity (GID = 0x0000000400000028).
3/7/2024 10:10:02 PM : Error while applying delta (id = 42) during service initialization. Failed to insert entity (GID = 0x0000000400000028) into model. Unknown property id = 1369094286720893443 for entity (GID = 0x0000000400000028).
3/7/2024 10:10:02 PM : Inserting entity with GID (000000010000002b).
3/7/2024 10:10:02 PM : Inserting entity with GID (000000020000002a).
3/7/2024 10:10:02 PM : Inserting entity with GID (0000000300000029).
3/7/2024 10:10:02 PM : Inserting entity with GID (0000000400000029).
3/7/2024 10:10:02 PM : Inserting entity with GID (000000050000000c).
3/7/2024 10:10:02 PM : Inserting entity with GID (000000010000002c).
3/7/2024 10:10:02 PM : Inserting entity with GID (000000020000002b).
3/7/2024 10:10:02 PM : Inserting entity with GID (000000030000002a).
3/7/2024 10:10:02 PM : Inserting entity with GID (000000040000002a).
3/7/2024 10:10:02 PM : Inserting entity with GID (000000050000000d).
3/7/2024 10:10:02 PM : Inserting entity with GID (000000010000002d).
3/7/2024 10:10:02 PM : Inserting entity with GID (000000020000002c).
3/7/2024 10:10:02 PM : Inserting entity with GID (000000030000002b).
3/7/2024 10:10:02 PM : Inserting entity with GID (000000040000002b).
3/7/2024 10:10:02 PM : Inserting entity with GID (000000050000000e).
3/7/2024 10:10:03 PM : The communication object, System.ServiceModel.ServiceHost, cannot be used for communication because it is in the Faulted state.
3/7/2024 10:10:03 PM : NetworkModelService failed.
3/7/2024 10:10:03 PM :    at System.ServiceModel.Channels.CommunicationObject.Close(TimeSpan timeout)
   at System.ServiceModel.Channels.CommunicationObject.Close()
   at FTN.Services.NetworkModelService.NetworkModelService.CloseHosts() in C:\Users\Lazar\Desktop\Modeli\Vezba8\8b NMS klase - IReference\ModelLabs\NetworkModelService\NetworkModelService.cs:line 96
   at FTN.Services.NetworkModelService.NetworkModelService.Dispose() in C:\Users\Lazar\Desktop\Modeli\Vezba8\8b NMS klase - IReference\ModelLabs\NetworkModelService\NetworkModelService.cs:line 34
   at FTN.Services.NetworkModelService.Program.Main(String[] args) in C:\Users\Lazar\Desktop\Modeli\Vezba8\8b NMS klase - IReference\ModelLabs\NetworkModelService\ServiceHost\NetworkModelServiceSelfHost\Program.cs:line 30
